[debug] [2022-05-25T06:13:14.826Z] ----------------------------------------------------------------------
[debug] [2022-05-25T06:13:14.828Z] Command:       C:\Program Files\nodejs\node.exe C:\Users\asmir\AppData\Roaming\npm\node_modules\firebase-tools\lib\bin\firebase.js init
[debug] [2022-05-25T06:13:14.828Z] CLI Version:   11.0.1
[debug] [2022-05-25T06:13:14.829Z] Platform:      win32
[debug] [2022-05-25T06:13:14.829Z] Node Version:  v16.15.0
[debug] [2022-05-25T06:13:14.829Z] Time:          Wed May 25 2022 11:43:14 GMT+0530 (India Standard Time)
[debug] [2022-05-25T06:13:14.830Z] ----------------------------------------------------------------------
[debug] 
[debug] [2022-05-25T06:13:14.835Z] > command requires scopes: ["email","openid","https://www.googleapis.com/auth/cloudplatformprojects.readonly","https://www.googleapis.com/auth/firebase","https://www.googleapis.com/auth/cloud-platform"]
[debug] [2022-05-25T06:13:14.836Z] > authorizing via signed-in user (asmirkhan7@gmail.com)
[info] 
     ######## #### ########  ######## ########     ###     ######  ########
     ##        ##  ##     ## ##       ##     ##  ##   ##  ##       ##
     ######    ##  ########  ######   ########  #########  ######  ######
     ##        ##  ##    ##  ##       ##     ## ##     ##       ## ##
     ##       #### ##     ## ######## ########  ##     ##  ######  ########

You're about to initialize a Firebase project in this directory:

  F:\Github Proj\react-covid-tracker-master

[info] 
=== Project Setup
[info] 
[info] First, let's associate this project directory with a Firebase project.
[info] You can create multiple project aliases by running firebase use --add, 
[info] but for now we'll just set up a default project.
[info] 
[debug] [2022-05-25T06:14:10.348Z] >>> [apiv2][query] GET https://firebase.googleapis.com/v1beta1/projects pageSize=100
[debug] [2022-05-25T06:14:11.385Z] <<< [apiv2][status] GET https://firebase.googleapis.com/v1beta1/projects 200
[debug] [2022-05-25T06:14:11.385Z] <<< [apiv2][body] GET https://firebase.googleapis.com/v1beta1/projects [omitted]
[info] i  Using project covid-19-tracker-f5270 (Covid-19 tracker) 
[info] 
=== Hosting Setup
[info] 
[info] Your public directory is the folder (relative to your project directory) that
[info] will contain Hosting assets to be uploaded with firebase deploy. If you
[info] have a build process for your assets, use your build's output directory.
[info] 
[debug] [2022-05-25T06:15:15.693Z] >>> [apiv2][query] GET https://www.gstatic.com/firebasejs/releases.json [none]
[debug] [2022-05-25T06:15:16.117Z] <<< [apiv2][status] GET https://www.gstatic.com/firebasejs/releases.json 200
[debug] [2022-05-25T06:15:16.117Z] <<< [apiv2][body] GET https://www.gstatic.com/firebasejs/releases.json {"current":{"version":"9.8.1","browserURL":"https://www.gstatic.com/firebasejs/9.8.1/firebase.js","packageURL":"https://www.gstatic.com/firebasejs/9.8.1/firebase.tgz"},"live":{"version":"9.8","browserURL":"https://www.gstatic.com/firebasejs/live/9.8/firebase.js","packageURL":"https://www.gstatic.com/firebasejs/live/9.8/firebase.tgz"},"components":{"analytics":"https://www.gstatic.com/firebasejs/9.8.1/firebase-analytics.js","app":"https://www.gstatic.com/firebasejs/9.8.1/firebase-app.js","app-check":"https://www.gstatic.com/firebasejs/9.8.1/firebase-app-check.js","auth":"https://www.gstatic.com/firebasejs/9.8.1/firebase-auth.js","auth/cordova":"https://www.gstatic.com/firebasejs/9.8.1/firebase-auth/cordova.js","auth/react-native":"https://www.gstatic.com/firebasejs/9.8.1/firebase-auth/react-native.js","functions":"https://www.gstatic.com/firebasejs/9.8.1/firebase-functions.js","firestore":"https://www.gstatic.com/firebasejs/9.8.1/firebase-firestore.js","firestore/lite":"https://www.gstatic.com/firebasejs/9.8.1/firebase-firestore/lite.js","storage":"https://www.gstatic.com/firebasejs/9.8.1/firebase-storage.js","performance":"https://www.gstatic.com/firebasejs/9.8.1/firebase-performance.js","remote-config":"https://www.gstatic.com/firebasejs/9.8.1/firebase-remote-config.js","messaging":"https://www.gstatic.com/firebasejs/9.8.1/firebase-messaging.js","messaging/sw":"https://www.gstatic.com/firebasejs/9.8.1/firebase-messaging/sw.js","database":"https://www.gstatic.com/firebasejs/9.8.1/firebase-database.js","firestore.memory":"https://www.gstatic.com/firebasejs/9.8.1/firebase-firestore.memory.js"}}
[info] +  Wrote build/index.html 
[info] 
[info] i  Didn't detect a .git folder. Assuming F:\Github Proj\react-covid-tracker-master is the project root. 
[info] i  Authorizing with GitHub to upload your service account to a GitHub repository's secrets store. 
[info] 
[info] Visit this URL on this device to log in:
[info] https://github.com/login/oauth/authorize?client_id=89cf50f02ac6aaed3484&state=291802337&redirect_uri=http%3A%2F%2Flocalhost%3A9005&scope=read%3Auser%20repo%20public_repo
[info] 
[info] Waiting for authentication...
[debug] [2022-05-25T06:15:29.920Z] >>> HTTP REQUEST POST https://github.com/login/oauth/access_token  
 {"client_id":"89cf50f02ac6aaed3484","client_secret":"3330d14abc895d9a74d5f17cd7a00711fa2c5bf0","code":"af1d4d14d24c87d23763","redirect_uri":"http://localhost:9005","state":"291802337"}
[debug] [2022-05-25T06:15:30.490Z] <<< HTTP RESPONSE 200 {"server":"GitHub.com","date":"Wed, 25 May 2022 06:15:29 GMT","content-type":"application/json; charset=utf-8","transfer-encoding":"chunked","vary":"X-PJAX, X-PJAX-Container, Turbo-Visit, Turbo-Frame, Accept-Encoding, Accept, X-Requested-With","permissions-policy":"interest-cohort=()","etag":"W/\"3ca37086acc057a8aecf1a8979c84a94\"","cache-control":"max-age=0, private, must-revalidate","strict-transport-security":"max-age=31536000; includeSubdomains; preload","x-frame-options":"deny","x-content-type-options":"nosniff","x-xss-protection":"0","referrer-policy":"origin-when-cross-origin, strict-origin-when-cross-origin","expect-ct":"max-age=2592000, report-uri=\"https://api.github.com/_private/browser/errors\"","content-security-policy":"default-src 'none'; base-uri 'self'; block-all-mixed-content; child-src github.com/assets-cdn/worker/ gist.github.com/assets-cdn/worker/; connect-src 'self' uploads.github.com objects-origin.githubusercontent.com www.githubstatus.com collector.github.com raw.githubusercontent.com api.github.com github-cloud.s3.amazonaws.com github-production-repository-file-5c1aeb.s3.amazonaws.com github-production-upload-manifest-file-7fdce7.s3.amazonaws.com github-production-user-asset-6210df.s3.amazonaws.com cdn.optimizely.com logx.optimizely.com/v1/events *.actions.githubusercontent.com wss://*.actions.githubusercontent.com online.visualstudio.com/api/v1/locations github-production-repository-image-32fea6.s3.amazonaws.com github-production-release-asset-2e65be.s3.amazonaws.com insights.github.com wss://alive.github.com; font-src github.githubassets.com; form-action 'self' github.com gist.github.com objects-origin.githubusercontent.com; frame-ancestors 'none'; frame-src render.githubusercontent.com viewscreen.githubusercontent.com notebooks.githubusercontent.com; img-src 'self' data: github.githubassets.com identicons.github.com github-cloud.s3.amazonaws.com secured-user-images.githubusercontent.com/ github-production-user-asset-6210df.s3.amazonaws.com *.githubusercontent.com; manifest-src 'self'; media-src github.com user-images.githubusercontent.com/; script-src github.githubassets.com; style-src 'unsafe-inline' github.githubassets.com; worker-src github.com/assets-cdn/worker/ gist.github.com/assets-cdn/worker/","x-github-request-id":"1776:70C9:DD28A7:F97941:628DC981"}
[debug] [2022-05-25T06:15:30.501Z] >>> [apiv2][query] GET https://api.github.com/user [none]
[debug] [2022-05-25T06:15:31.098Z] <<< [apiv2][status] GET https://api.github.com/user 200
[debug] [2022-05-25T06:15:31.099Z] <<< [apiv2][body] GET https://api.github.com/user {"login":"Asmirkhan007","id":67702681,"node_id":"MDQ6VXNlcjY3NzAyNjgx","avatar_url":"https://avatars.githubusercontent.com/u/67702681?v=4","gravatar_id":"","url":"https://api.github.com/users/Asmirkhan007","html_url":"https://github.com/Asmirkhan007","followers_url":"https://api.github.com/users/Asmirkhan007/followers","following_url":"https://api.github.com/users/Asmirkhan007/following{/other_user}","gists_url":"https://api.github.com/users/Asmirkhan007/gists{/gist_id}","starred_url":"https://api.github.com/users/Asmirkhan007/starred{/owner}{/repo}","subscriptions_url":"https://api.github.com/users/Asmirkhan007/subscriptions","organizations_url":"https://api.github.com/users/Asmirkhan007/orgs","repos_url":"https://api.github.com/users/Asmirkhan007/repos","events_url":"https://api.github.com/users/Asmirkhan007/events{/privacy}","received_events_url":"https://api.github.com/users/Asmirkhan007/received_events","type":"User","site_admin":false,"name":"Asmir khan","company":null,"blog":"","location":null,"email":null,"hireable":null,"bio":null,"twitter_username":null,"public_repos":10,"public_gists":0,"followers":1,"following":1,"created_at":"2020-07-01T16:02:42Z","updated_at":"2022-04-07T00:55:20Z","private_gists":0,"total_private_repos":0,"owned_private_repos":0,"disk_usage":41253,"collaborators":0,"two_factor_authentication":false,"plan":{"name":"pro","space":976562499,"collaborators":0,"private_repos":9999}}
[info] 
[info] +  Success! Logged into GitHub as Asmirkhan007 
[info] 
